<?xml version="1.0" encoding="UTF-8"?>
<!-- Generated by org.testng.reporters.JUnitXMLReporter -->
<testsuite ignored="4" hostname="LTIN437466" failures="0" tests="8" name="Test" time="109.367" errors="0" timestamp="2024-11-10T19:31:16 IST">
  <testcase classname="testCase.TC_001_NearBy_Hospetial" name="validationgPagePractoPage" time="0.022"/>
  <testcase classname="testCase.TC_001_NearBy_Hospetial" name="SearchAllHospetial" time="7.153"/>
  <testcase classname="testCase.TC_001_NearBy_Hospetial" name="SelectLocation" time="0.836"/>
  <testcase classname="testCase.TC_001_NearBy_Hospetial" name="getHospetialListWithGivenFecilities" time="39.724"/>
  <testcase classname="testCase.TC_002_GetDiagnosticsCenterCityName" name="ValidatingSurgeriPage" time="1.592"/>
  <testcase classname="testCase.TC_002_GetDiagnosticsCenterCityName" name="getMainCityNamesofDiagnosticsCenter" time="16.574"/>
  <testcase classname="testCase.TC_003_WellnessCare" name="validateWellnessPage" time="1.97"/>
  <testcase classname="testCase.TC_003_WellnessCare" name="ScheduleDmo" time="29.043"/>
  <testcase classname="testBase.BaseClass" name="@AfterTest tearDown" time="0.0">
    <ignored/>
  </testcase> <!-- @AfterTest tearDown -->
  <testcase classname="testBase.BaseClass" name="@AfterTest tearDown" time="0.0">
    <ignored/>
  </testcase> <!-- @AfterTest tearDown -->
  <testcase classname="testBase.BaseClass" name="@BeforeTest getDriver" time="0.0">
    <ignored/>
  </testcase> <!-- @BeforeTest getDriver -->
  <testcase classname="testBase.BaseClass" name="@BeforeTest getDriver" time="0.0">
    <ignored/>
  </testcase> <!-- @BeforeTest getDriver -->
</testsuite> <!-- Test -->
