<?xml version="1.0" encoding="UTF-8"?>
<testng-results ignored="4" total="12" passed="8" failed="0" skipped="0">
  <reporter-output>
  </reporter-output>
  <suite started-at="2024-11-10T19:29:26 IST" name="Suite" finished-at="2024-11-10T19:31:16 IST" duration-ms="109367">
    <groups>
      <group name="Master">
        <method signature="TC_001_NearBy_Hospetial.SearchAllHospetial()[pri:2, instance:testCase.TC_001_NearBy_Hospetial@397fbdb]" name="SearchAllHospetial" class="testCase.TC_001_NearBy_Hospetial"/>
        <method signature="TC_001_NearBy_Hospetial.SelectLocation()[pri:3, instance:testCase.TC_001_NearBy_Hospetial@397fbdb]" name="SelectLocation" class="testCase.TC_001_NearBy_Hospetial"/>
        <method signature="TC_001_NearBy_Hospetial.getHospetialListWithGivenFecilities()[pri:4, instance:testCase.TC_001_NearBy_Hospetial@397fbdb]" name="getHospetialListWithGivenFecilities" class="testCase.TC_001_NearBy_Hospetial"/>
        <method signature="TC_001_NearBy_Hospetial.validationgPagePractoPage()[pri:1, instance:testCase.TC_001_NearBy_Hospetial@397fbdb]" name="validationgPagePractoPage" class="testCase.TC_001_NearBy_Hospetial"/>
        <method signature="TC_002_GetDiagnosticsCenterCityName.ValidatingSurgeriPage()[pri:1, instance:testCase.TC_002_GetDiagnosticsCenterCityName@2d3379b4]" name="ValidatingSurgeriPage" class="testCase.TC_002_GetDiagnosticsCenterCityName"/>
        <method signature="TC_002_GetDiagnosticsCenterCityName.getMainCityNamesofDiagnosticsCenter()[pri:2, instance:testCase.TC_002_GetDiagnosticsCenterCityName@2d3379b4]" name="getMainCityNamesofDiagnosticsCenter" class="testCase.TC_002_GetDiagnosticsCenterCityName"/>
      </group> <!-- Master -->
      <group name="Sanity">
        <method signature="TC_001_NearBy_Hospetial.SearchAllHospetial()[pri:2, instance:testCase.TC_001_NearBy_Hospetial@397fbdb]" name="SearchAllHospetial" class="testCase.TC_001_NearBy_Hospetial"/>
        <method signature="TC_001_NearBy_Hospetial.SelectLocation()[pri:3, instance:testCase.TC_001_NearBy_Hospetial@397fbdb]" name="SelectLocation" class="testCase.TC_001_NearBy_Hospetial"/>
        <method signature="TC_001_NearBy_Hospetial.getHospetialListWithGivenFecilities()[pri:4, instance:testCase.TC_001_NearBy_Hospetial@397fbdb]" name="getHospetialListWithGivenFecilities" class="testCase.TC_001_NearBy_Hospetial"/>
        <method signature="TC_001_NearBy_Hospetial.validationgPagePractoPage()[pri:1, instance:testCase.TC_001_NearBy_Hospetial@397fbdb]" name="validationgPagePractoPage" class="testCase.TC_001_NearBy_Hospetial"/>
        <method signature="TC_002_GetDiagnosticsCenterCityName.ValidatingSurgeriPage()[pri:1, instance:testCase.TC_002_GetDiagnosticsCenterCityName@2d3379b4]" name="ValidatingSurgeriPage" class="testCase.TC_002_GetDiagnosticsCenterCityName"/>
        <method signature="TC_002_GetDiagnosticsCenterCityName.getMainCityNamesofDiagnosticsCenter()[pri:2, instance:testCase.TC_002_GetDiagnosticsCenterCityName@2d3379b4]" name="getMainCityNamesofDiagnosticsCenter" class="testCase.TC_002_GetDiagnosticsCenterCityName"/>
      </group> <!-- Sanity -->
      <group name="Regression">
        <method signature="TC_002_GetDiagnosticsCenterCityName.ValidatingSurgeriPage()[pri:1, instance:testCase.TC_002_GetDiagnosticsCenterCityName@2d3379b4]" name="ValidatingSurgeriPage" class="testCase.TC_002_GetDiagnosticsCenterCityName"/>
        <method signature="TC_002_GetDiagnosticsCenterCityName.getMainCityNamesofDiagnosticsCenter()[pri:2, instance:testCase.TC_002_GetDiagnosticsCenterCityName@2d3379b4]" name="getMainCityNamesofDiagnosticsCenter" class="testCase.TC_002_GetDiagnosticsCenterCityName"/>
        <method signature="TC_003_WellnessCare.ScheduleDmo()[pri:2, instance:testCase.TC_003_WellnessCare@6771beb3]" name="ScheduleDmo" class="testCase.TC_003_WellnessCare"/>
        <method signature="TC_003_WellnessCare.validateWellnessPage()[pri:1, instance:testCase.TC_003_WellnessCare@6771beb3]" name="validateWellnessPage" class="testCase.TC_003_WellnessCare"/>
      </group> <!-- Regression -->
    </groups>
    <test started-at="2024-11-10T19:29:26 IST" name="Test" finished-at="2024-11-10T19:31:16 IST" duration-ms="109367">
      <class name="testCase.TC_001_NearBy_Hospetial">
        <test-method is-config="true" signature="getDriver(java.lang.String)[pri:0, instance:testCase.TC_001_NearBy_Hospetial@397fbdb]" started-at="2024-11-10T19:29:27 IST" name="getDriver" finished-at="2024-11-10T19:29:35 IST" duration-ms="7926" status="PASS">
          <params>
            <param index="0">
              <value>
                <![CDATA[edge]]>
              </value>
            </param>
          </params>
          <reporter-output>
          </reporter-output>
        </test-method> <!-- getDriver -->
        <test-method signature="validationgPagePractoPage()[pri:1, instance:testCase.TC_001_NearBy_Hospetial@397fbdb]" started-at="2024-11-10T19:29:35 IST" name="validationgPagePractoPage" finished-at="2024-11-10T19:29:35 IST" duration-ms="22" status="PASS">
          <reporter-output>
          </reporter-output>
        </test-method> <!-- validationgPagePractoPage -->
        <test-method signature="SearchAllHospetial()[pri:2, instance:testCase.TC_001_NearBy_Hospetial@397fbdb]" started-at="2024-11-10T19:29:35 IST" name="SearchAllHospetial" finished-at="2024-11-10T19:29:42 IST" duration-ms="7153" status="PASS">
          <reporter-output>
          </reporter-output>
        </test-method> <!-- SearchAllHospetial -->
        <test-method signature="SelectLocation()[pri:3, instance:testCase.TC_001_NearBy_Hospetial@397fbdb]" started-at="2024-11-10T19:29:42 IST" name="SelectLocation" finished-at="2024-11-10T19:29:43 IST" duration-ms="836" status="PASS">
          <reporter-output>
          </reporter-output>
        </test-method> <!-- SelectLocation -->
        <test-method signature="getHospetialListWithGivenFecilities()[pri:4, instance:testCase.TC_001_NearBy_Hospetial@397fbdb]" started-at="2024-11-10T19:29:43 IST" name="getHospetialListWithGivenFecilities" finished-at="2024-11-10T19:30:22 IST" duration-ms="39724" status="PASS">
          <reporter-output>
          </reporter-output>
        </test-method> <!-- getHospetialListWithGivenFecilities -->
        <test-method is-config="true" signature="tearDown()[pri:0, instance:testCase.TC_001_NearBy_Hospetial@397fbdb]" started-at="2024-11-10T19:31:12 IST" name="tearDown" finished-at="2024-11-10T19:31:16 IST" duration-ms="4116" status="PASS">
          <reporter-output>
          </reporter-output>
        </test-method> <!-- tearDown -->
      </class> <!-- testCase.TC_001_NearBy_Hospetial -->
      <class name="testCase.TC_003_WellnessCare">
        <test-method signature="validateWellnessPage()[pri:1, instance:testCase.TC_003_WellnessCare@6771beb3]" started-at="2024-11-10T19:30:41 IST" name="validateWellnessPage" finished-at="2024-11-10T19:30:43 IST" duration-ms="1970" status="PASS">
          <reporter-output>
          </reporter-output>
        </test-method> <!-- validateWellnessPage -->
        <test-method signature="ScheduleDmo()[pri:2, instance:testCase.TC_003_WellnessCare@6771beb3]" started-at="2024-11-10T19:30:43 IST" name="ScheduleDmo" finished-at="2024-11-10T19:31:12 IST" duration-ms="29043" status="PASS">
          <reporter-output>
          </reporter-output>
        </test-method> <!-- ScheduleDmo -->
      </class> <!-- testCase.TC_003_WellnessCare -->
      <class name="testCase.TC_002_GetDiagnosticsCenterCityName">
        <test-method signature="ValidatingSurgeriPage()[pri:1, instance:testCase.TC_002_GetDiagnosticsCenterCityName@2d3379b4]" started-at="2024-11-10T19:30:22 IST" name="ValidatingSurgeriPage" finished-at="2024-11-10T19:30:24 IST" duration-ms="1592" status="PASS">
          <reporter-output>
          </reporter-output>
        </test-method> <!-- ValidatingSurgeriPage -->
        <test-method signature="getMainCityNamesofDiagnosticsCenter()[pri:2, instance:testCase.TC_002_GetDiagnosticsCenterCityName@2d3379b4]" started-at="2024-11-10T19:30:24 IST" name="getMainCityNamesofDiagnosticsCenter" finished-at="2024-11-10T19:30:41 IST" duration-ms="16574" status="PASS">
          <reporter-output>
          </reporter-output>
        </test-method> <!-- getMainCityNamesofDiagnosticsCenter -->
      </class> <!-- testCase.TC_002_GetDiagnosticsCenterCityName -->
    </test> <!-- Test -->
  </suite> <!-- Suite -->
</testng-results>
